[2026-02-06 17:18:49.919] Unable to find image 'nginx:latest' locally
[2026-02-06 17:18:51.526] latest: Pulling from library/nginx
[2026-02-06 17:18:51.866] 3ea009573b47: Pulling fs layer
[2026-02-06 17:18:51.866] efc7865cf13e: Pulling fs layer
[2026-02-06 17:18:51.866] 5380ffdd215e: Pulling fs layer
[2026-02-06 17:18:51.867] fb8853dab2da: Pulling fs layer
[2026-02-06 17:18:51.867] 1063666c8b8e: Pulling fs layer
[2026-02-06 17:18:51.867] 0e9ba714bdf1: Pulling fs layer
[2026-02-06 17:18:51.867] 58072fb4fd7c: Pulling fs layer
[2026-02-06 17:18:51.867] fb8853dab2da: Waiting
[2026-02-06 17:18:51.867] 1063666c8b8e: Waiting
[2026-02-06 17:18:51.867] 0e9ba714bdf1: Waiting
[2026-02-06 17:18:51.868] 58072fb4fd7c: Waiting
[2026-02-06 17:18:52.432] 5380ffdd215e: Verifying Checksum
[2026-02-06 17:18:52.433] 5380ffdd215e: Download complete
[2026-02-06 17:18:53.086] fb8853dab2da: Verifying Checksum
[2026-02-06 17:18:53.087] fb8853dab2da: Download complete
[2026-02-06 17:18:53.694] 1063666c8b8e: Verifying Checksum
[2026-02-06 17:18:53.694] 1063666c8b8e: Download complete
[2026-02-06 17:18:54.246] 0e9ba714bdf1: Verifying Checksum
[2026-02-06 17:18:54.246] 0e9ba714bdf1: Download complete
[2026-02-06 17:18:54.808] 58072fb4fd7c: Verifying Checksum
[2026-02-06 17:18:54.808] 58072fb4fd7c: Download complete
[2026-02-06 17:18:55.010] efc7865cf13e: Verifying Checksum
[2026-02-06 17:18:55.010] efc7865cf13e: Download complete
[2026-02-06 17:18:55.681] 3ea009573b47: Download complete
[2026-02-06 17:18:56.975] 3ea009573b47: Pull complete
[2026-02-06 17:18:57.813] efc7865cf13e: Pull complete
[2026-02-06 17:18:57.821] 5380ffdd215e: Pull complete
[2026-02-06 17:18:57.828] fb8853dab2da: Pull complete
[2026-02-06 17:18:57.837] 1063666c8b8e: Pull complete
[2026-02-06 17:18:57.843] 0e9ba714bdf1: Pull complete
[2026-02-06 17:18:57.851] 58072fb4fd7c: Pull complete
[2026-02-06 17:18:57.865] Digest: sha256:341bf0f3ce6c5277d6002cf6e1fb0319fa4252add24ab6a0e262e0056d313208
[2026-02-06 17:18:57.874] Status: Downloaded newer image for nginx:latest
[2026-02-06 17:18:58.580] /docker-entrypoint.sh: /docker-entrypoint.d/ is not empty, will attempt to perform configuration
[2026-02-06 17:18:58.580] /docker-entrypoint.sh: Looking for shell scripts in /docker-entrypoint.d/
[2026-02-06 17:18:58.583] /docker-entrypoint.sh: Launching /docker-entrypoint.d/10-listen-on-ipv6-by-default.sh
[2026-02-06 17:18:58.591] 10-listen-on-ipv6-by-default.sh: info: Getting the checksum of /etc/nginx/conf.d/default.conf
[2026-02-06 17:18:58.605] 10-listen-on-ipv6-by-default.sh: info: Enabled listen on IPv6 in /etc/nginx/conf.d/default.conf
[2026-02-06 17:18:58.605] /docker-entrypoint.sh: Sourcing /docker-entrypoint.d/15-local-resolvers.envsh
[2026-02-06 17:18:58.605] /docker-entrypoint.sh: Launching /docker-entrypoint.d/20-envsubst-on-templates.sh
[2026-02-06 17:18:58.608] /docker-entrypoint.sh: Launching /docker-entrypoint.d/30-tune-worker-processes.sh
[2026-02-06 17:18:58.611] /docker-entrypoint.sh: Configuration complete; ready for start up
[2026-02-06 17:18:58.628] 2026/02/06 17:18:58 [notice] 1#1: using the "epoll" event method
[2026-02-06 17:18:58.628] 2026/02/06 17:18:58 [notice] 1#1: nginx/1.29.5
[2026-02-06 17:18:58.628] 2026/02/06 17:18:58 [notice] 1#1: built by gcc 14.2.0 (Debian 14.2.0-19) 
[2026-02-06 17:18:58.628] 2026/02/06 17:18:58 [notice] 1#1: OS: Linux 6.4.16-linuxkit
[2026-02-06 17:18:58.628] 2026/02/06 17:18:58 [notice] 1#1: getrlimit(RLIMIT_NOFILE): 1048576:1048576
[2026-02-06 17:18:58.628] 2026/02/06 17:18:58 [notice] 1#1: start worker processes
[2026-02-06 17:18:58.629] 2026/02/06 17:18:58 [notice] 1#1: start worker process 29
[2026-02-06 17:18:58.629] 2026/02/06 17:18:58 [notice] 1#1: start worker process 30
[2026-02-06 17:18:58.629] 2026/02/06 17:18:58 [notice] 1#1: start worker process 31
[2026-02-06 17:18:58.629] 2026/02/06 17:18:58 [notice] 1#1: start worker process 32
[2026-02-06 17:18:58.630] 2026/02/06 17:18:58 [notice] 1#1: start worker process 33
[2026-02-06 17:18:58.630] 2026/02/06 17:18:58 [notice] 1#1: start worker process 34
[2026-02-06 17:18:58.630] 2026/02/06 17:18:58 [notice] 1#1: start worker process 35
[2026-02-06 17:18:58.630] 2026/02/06 17:18:58 [notice] 1#1: start worker process 36
[2026-02-06 17:18:58.631] 2026/02/06 17:18:58 [notice] 1#1: start worker process 37
[2026-02-06 17:19:04.554] 192.168.65.1 - - [06/Feb/2026:17:19:04 +0000] "GET / HTTP/1.1" 200 615 "-" "Mozilla/5.0 (Macintosh; Intel Mac OS X 10_15_7) AppleWebKit/537.36 (KHTML, like Gecko) Chrome/143.0.0.0 Safari/537.36" "-"
[2026-02-06 17:19:04.797] 192.168.65.1 - - [06/Feb/2026:17:19:04 +0000] "GET /favicon.ico HTTP/1.1" 404 555 "http://localhost:8080/" "Mozilla/5.0 (Macintosh; Intel Mac OS X 10_15_7) AppleWebKit/537.36 (KHTML, like Gecko) Chrome/143.0.0.0 Safari/537.36" "-"
[2026-02-06 17:19:04.798] 2026/02/06 17:19:04 [error] 30#30: *2 open() "/usr/share/nginx/html/favicon.ico" failed (2: No such file or directory), client: 192.168.65.1, server: localhost, request: "GET /favicon.ico HTTP/1.1", host: "localhost:8080", referrer: "http://localhost:8080/"
[2026-02-06 17:19:15.428] 2026/02/06 17:19:15 [notice] 1#1: signal 15 (SIGTERM) received, exiting
[2026-02-06 17:19:15.434] 2026/02/06 17:19:15 [notice] 31#31: exiting
[2026-02-06 17:19:15.434] 2026/02/06 17:19:15 [notice] 30#30: exiting
[2026-02-06 17:19:15.434] 2026/02/06 17:19:15 [notice] 29#29: exiting
[2026-02-06 17:19:15.434] 2026/02/06 17:19:15 [notice] 35#35: exiting
[2026-02-06 17:19:15.434] 2026/02/06 17:19:15 [notice] 32#32: exiting
[2026-02-06 17:19:15.434] 2026/02/06 17:19:15 [notice] 29#29: exit
[2026-02-06 17:19:15.434] 2026/02/06 17:19:15 [notice] 31#31: exit
[2026-02-06 17:19:15.434] 2026/02/06 17:19:15 [notice] 33#33: exiting
[2026-02-06 17:19:15.434] 2026/02/06 17:19:15 [notice] 35#35: exit
[2026-02-06 17:19:15.435] 2026/02/06 17:19:15 [notice] 33#33: exit
[2026-02-06 17:19:15.435] 2026/02/06 17:19:15 [notice] 30#30: exit
[2026-02-06 17:19:15.435] 2026/02/06 17:19:15 [notice] 32#32: exit
[2026-02-06 17:19:15.435] 2026/02/06 17:19:15 [notice] 37#37: exiting
[2026-02-06 17:19:15.435] 2026/02/06 17:19:15 [notice] 36#36: exiting
[2026-02-06 17:19:15.435] 2026/02/06 17:19:15 [notice] 37#37: exit
[2026-02-06 17:19:15.435] 2026/02/06 17:19:15 [notice] 36#36: exit
[2026-02-06 17:19:15.435] 2026/02/06 17:19:15 [notice] 34#34: exiting
[2026-02-06 17:19:15.435] 2026/02/06 17:19:15 [notice] 34#34: exit
[2026-02-06 17:19:15.445] 2026/02/06 17:19:15 [notice] 1#1: signal 17 (SIGCHLD) received from 30
[2026-02-06 17:19:15.445] 2026/02/06 17:19:15 [notice] 1#1: worker process 30 exited with code 0
[2026-02-06 17:19:15.445] 2026/02/06 17:19:15 [notice] 1#1: signal 29 (SIGIO) received
[2026-02-06 17:19:15.448] 2026/02/06 17:19:15 [notice] 1#1: signal 17 (SIGCHLD) received from 29
[2026-02-06 17:19:15.448] 2026/02/06 17:19:15 [notice] 1#1: worker process 29 exited with code 0
[2026-02-06 17:19:15.449] 2026/02/06 17:19:15 [notice] 1#1: signal 29 (SIGIO) received
[2026-02-06 17:19:15.455] 2026/02/06 17:19:15 [notice] 1#1: signal 17 (SIGCHLD) received from 33
[2026-02-06 17:19:15.455] 2026/02/06 17:19:15 [notice] 1#1: worker process 31 exited with code 0
[2026-02-06 17:19:15.456] 2026/02/06 17:19:15 [notice] 1#1: worker process 32 exited with code 0
[2026-02-06 17:19:15.456] 2026/02/06 17:19:15 [notice] 1#1: worker process 33 exited with code 0
[2026-02-06 17:19:15.456] 2026/02/06 17:19:15 [notice] 1#1: worker process 34 exited with code 0
[2026-02-06 17:19:15.456] 2026/02/06 17:19:15 [notice] 1#1: worker process 35 exited with code 0
[2026-02-06 17:19:15.456] 2026/02/06 17:19:15 [notice] 1#1: worker process 36 exited with code 0
[2026-02-06 17:19:15.456] 2026/02/06 17:19:15 [notice] 1#1: worker process 37 exited with code 0
[2026-02-06 17:19:15.456] 2026/02/06 17:19:15 [notice] 1#1: exit
